<?xml version="1.0" encoding="UTF-8"?>
<!-- Generated by org.testng.reporters.JUnitXMLReporter -->
<testsuite ignored="23" hostname="PSDLAP376" failures="0" tests="1" name="Default test" time="40.031" errors="0" timestamp="2025-02-24T13:12:13 IST">
  <testcase classname="test.Company_Test" name="TC23_Company_Tab" time="7.924"/>
  <testcase classname="test.Company_Test" name="TC09_Company_Tab" time="0.0">
    <ignored/>
  </testcase> <!-- TC09_Company_Tab -->
  <testcase classname="test.Company_Test" name="TC11_Company_Tab" time="0.0">
    <ignored/>
  </testcase> <!-- TC11_Company_Tab -->
  <testcase classname="test.Company_Test" name="TC16_Company_Tab" time="0.0">
    <ignored/>
  </testcase> <!-- TC16_Company_Tab -->
  <testcase classname="test.Company_Test" name="TC04_Company_Tab" time="0.0">
    <ignored/>
  </testcase> <!-- TC04_Company_Tab -->
  <testcase classname="test.Company_Test" name="TC06_Company_Tab" time="0.0">
    <ignored/>
  </testcase> <!-- TC06_Company_Tab -->
  <testcase classname="test.Company_Test" name="TC13_Company_Tab" time="0.0">
    <ignored/>
  </testcase> <!-- TC13_Company_Tab -->
  <testcase classname="test.Company_Test" name="TC14_Company_Tab" time="0.0">
    <ignored/>
  </testcase> <!-- TC14_Company_Tab -->
  <testcase classname="test.Company_Test" name="TC05_Company_Tab" time="0.0">
    <ignored/>
  </testcase> <!-- TC05_Company_Tab -->
  <testcase classname="test.Company_Test" name="TC15_Company_Tab" time="0.0">
    <ignored/>
  </testcase> <!-- TC15_Company_Tab -->
  <testcase classname="test.Company_Test" name="TC08_Company_Tab" time="0.0">
    <ignored/>
  </testcase> <!-- TC08_Company_Tab -->
  <testcase classname="test.Company_Test" name="TC24_Company_Tab" time="0.0">
    <ignored/>
  </testcase> <!-- TC24_Company_Tab -->
  <testcase classname="test.Company_Test" name="TC10_Company_Tab" time="0.0">
    <ignored/>
  </testcase> <!-- TC10_Company_Tab -->
  <testcase classname="test.Company_Test" name="TC07_Company_Tab" time="0.0">
    <ignored/>
  </testcase> <!-- TC07_Company_Tab -->
  <testcase classname="test.Company_Test" name="TC12_Company_Tab" time="0.0">
    <ignored/>
  </testcase> <!-- TC12_Company_Tab -->
  <testcase classname="test.Company_Test" name="TC03_Company_Tab" time="0.0">
    <ignored/>
  </testcase> <!-- TC03_Company_Tab -->
  <testcase classname="test.Company_Test" name="TC18_Company_Tab" time="0.0">
    <ignored/>
  </testcase> <!-- TC18_Company_Tab -->
  <testcase classname="test.Company_Test" name="TC01_Company_Tab" time="0.0">
    <ignored/>
  </testcase> <!-- TC01_Company_Tab -->
  <testcase classname="test.Company_Test" name="TC02_Company_Tab" time="0.0">
    <ignored/>
  </testcase> <!-- TC02_Company_Tab -->
  <testcase classname="test.Company_Test" name="TC17_Company_Tab" time="0.0">
    <ignored/>
  </testcase> <!-- TC17_Company_Tab -->
  <testcase classname="test.Company_Test" name="TC20_Company_Tab" time="0.0">
    <ignored/>
  </testcase> <!-- TC20_Company_Tab -->
  <testcase classname="test.Company_Test" name="TC22_Company_Tab" time="0.0">
    <ignored/>
  </testcase> <!-- TC22_Company_Tab -->
  <testcase classname="test.Company_Test" name="TC19_Company_Tab" time="0.0">
    <ignored/>
  </testcase> <!-- TC19_Company_Tab -->
  <testcase classname="test.Company_Test" name="TC21_Company_Tab" time="0.0">
    <ignored/>
  </testcase> <!-- TC21_Company_Tab -->
</testsuite> <!-- Default test -->
