<?xml version="1.0" encoding="UTF-8"?>
<!-- Generated by org.testng.reporters.JUnitXMLReporter -->
<testsuite ignored="27" hostname="PSDLAP376" failures="1" tests="1" name="Default test" time="69.19" errors="0" timestamp="2025-02-24T23:31:38 IST">
  <testcase classname="test.HomePageTabTest" name="TC_02_Homepage_Tab" time="60.691">
    <failure type="java.lang.AssertionError" message="The URL did not match! expected [https://www.magicgovern.ai/solutions/] but found [https://www.magicgovern.ai/#]">
      <![CDATA[java.lang.AssertionError: The URL did not match! expected [https://www.magicgovern.ai/solutions/] but found [https://www.magicgovern.ai/#]
at org.testng.Assert.fail(Assert.java:111)
at org.testng.Assert.failNotEquals(Assert.java:1578)
at org.testng.Assert.assertEqualsImpl(Assert.java:150)
at org.testng.Assert.assertEquals(Assert.java:132)
at org.testng.Assert.assertEquals(Assert.java:656)
at pages.HomePageTabPage.verifyLink(HomePageTabPage.java:79)
at test.HomePageTabTest.TC_02_Homepage_Tab(HomePageTabTest.java:26)
at java.base/jdk.internal.reflect.DirectMethodHandleAccessor.invoke(DirectMethodHandleAccessor.java:103)
at java.base/java.lang.reflect.Method.invoke(Method.java:580)
at org.testng.internal.invokers.MethodInvocationHelper.invokeMethod(MethodInvocationHelper.java:141)
at org.testng.internal.invokers.TestInvoker.invokeMethod(TestInvoker.java:686)
at org.testng.internal.invokers.TestInvoker.invokeTestMethod(TestInvoker.java:230)
at org.testng.internal.invokers.MethodRunner.runInSequence(MethodRunner.java:63)
at org.testng.internal.invokers.TestInvoker$MethodInvocationAgent.invoke(TestInvoker.java:992)
at org.testng.internal.invokers.TestInvoker.invokeTestMethods(TestInvoker.java:203)
at org.testng.internal.invokers.TestMethodWorker.invokeTestMethods(TestMethodWorker.java:154)
at org.testng.internal.invokers.TestMethodWorker.run(TestMethodWorker.java:134)
at java.base/java.util.ArrayList.forEach(ArrayList.java:1597)
at org.testng.TestRunner.privateRun(TestRunner.java:739)
at org.testng.TestRunner.run(TestRunner.java:614)
at org.testng.SuiteRunner.runTest(SuiteRunner.java:421)
at org.testng.SuiteRunner.runSequentially(SuiteRunner.java:413)
at org.testng.SuiteRunner.privateRun(SuiteRunner.java:373)
at org.testng.SuiteRunner.run(SuiteRunner.java:312)
at org.testng.SuiteRunnerWorker.runSuite(SuiteRunnerWorker.java:52)
at org.testng.SuiteRunnerWorker.run(SuiteRunnerWorker.java:95)
at org.testng.TestNG.runSuitesSequentially(TestNG.java:1274)
at org.testng.TestNG.runSuitesLocally(TestNG.java:1208)
at org.testng.TestNG.runSuites(TestNG.java:1112)
at org.testng.TestNG.run(TestNG.java:1079)
at org.testng.remote.AbstractRemoteTestNG.run(AbstractRemoteTestNG.java:115)
at org.testng.remote.RemoteTestNG.initAndRun(RemoteTestNG.java:293)
at org.testng.remote.RemoteTestNG.main(RemoteTestNG.java:91)
]]>
    </failure>
  </testcase> <!-- TC_02_Homepage_Tab -->
  <testcase classname="test.HomePageTabTest" name="TC_03_Homepage_Tab" time="0.0">
    <ignored/>
  </testcase> <!-- TC_03_Homepage_Tab -->
  <testcase classname="test.HomePageTabTest" name="TC_16_Homepage_Tab" time="0.0">
    <ignored/>
  </testcase> <!-- TC_16_Homepage_Tab -->
  <testcase classname="test.HomePageTabTest" name="TC_24_Homepage_Tab" time="0.0">
    <ignored/>
  </testcase> <!-- TC_24_Homepage_Tab -->
  <testcase classname="test.HomePageTabTest" name="TC_20_Homepage_Tab" time="0.0">
    <ignored/>
  </testcase> <!-- TC_20_Homepage_Tab -->
  <testcase classname="test.HomePageTabTest" name="TC_23_Homepage_Tab" time="0.0">
    <ignored/>
  </testcase> <!-- TC_23_Homepage_Tab -->
  <testcase classname="test.HomePageTabTest" name="TC_04_Homepage_Tab" time="0.0">
    <ignored/>
  </testcase> <!-- TC_04_Homepage_Tab -->
  <testcase classname="test.HomePageTabTest" name="TC_21_Homepage_Tab" time="0.0">
    <ignored/>
  </testcase> <!-- TC_21_Homepage_Tab -->
  <testcase classname="test.HomePageTabTest" name="TC_19_Homepage_Tab" time="0.0">
    <ignored/>
  </testcase> <!-- TC_19_Homepage_Tab -->
  <testcase classname="test.HomePageTabTest" name="TC_01_Homepage_Tab" time="0.0">
    <ignored/>
  </testcase> <!-- TC_01_Homepage_Tab -->
  <testcase classname="test.HomePageTabTest" name="TC_25_Homepage_Tab" time="0.0">
    <ignored/>
  </testcase> <!-- TC_25_Homepage_Tab -->
  <testcase classname="test.HomePageTabTest" name="TC_12_Homepage_Tab" time="0.0">
    <ignored/>
  </testcase> <!-- TC_12_Homepage_Tab -->
  <testcase classname="test.HomePageTabTest" name="TC_27_Homepage_Tab" time="0.0">
    <ignored/>
  </testcase> <!-- TC_27_Homepage_Tab -->
  <testcase classname="test.HomePageTabTest" name="TC_11_Homepage_Tab" time="0.0">
    <ignored/>
  </testcase> <!-- TC_11_Homepage_Tab -->
  <testcase classname="test.HomePageTabTest" name="TC_15_Homepage_Tab" time="0.0">
    <ignored/>
  </testcase> <!-- TC_15_Homepage_Tab -->
  <testcase classname="test.HomePageTabTest" name="TC_09_Homepage_Tab" time="0.0">
    <ignored/>
  </testcase> <!-- TC_09_Homepage_Tab -->
  <testcase classname="test.HomePageTabTest" name="TC_07_Homepage_Tab" time="0.0">
    <ignored/>
  </testcase> <!-- TC_07_Homepage_Tab -->
  <testcase classname="test.HomePageTabTest" name="TC_28_Homepage_Tab" time="0.0">
    <ignored/>
  </testcase> <!-- TC_28_Homepage_Tab -->
  <testcase classname="test.HomePageTabTest" name="TC_18_Homepage_Tab" time="0.0">
    <ignored/>
  </testcase> <!-- TC_18_Homepage_Tab -->
  <testcase classname="test.HomePageTabTest" name="TC_10_Homepage_Tab" time="0.0">
    <ignored/>
  </testcase> <!-- TC_10_Homepage_Tab -->
  <testcase classname="test.HomePageTabTest" name="TC_17_Homepage_Tab" time="0.0">
    <ignored/>
  </testcase> <!-- TC_17_Homepage_Tab -->
  <testcase classname="test.HomePageTabTest" name="TC_06_Homepage_Tab" time="0.0">
    <ignored/>
  </testcase> <!-- TC_06_Homepage_Tab -->
  <testcase classname="test.HomePageTabTest" name="TC_22_Homepage_Tab" time="0.0">
    <ignored/>
  </testcase> <!-- TC_22_Homepage_Tab -->
  <testcase classname="test.HomePageTabTest" name="TC_14_Homepage_Tab" time="0.0">
    <ignored/>
  </testcase> <!-- TC_14_Homepage_Tab -->
  <testcase classname="test.HomePageTabTest" name="TC_26_Homepage_Tab" time="0.0">
    <ignored/>
  </testcase> <!-- TC_26_Homepage_Tab -->
  <testcase classname="test.HomePageTabTest" name="TC_05_Homepage_Tab" time="0.0">
    <ignored/>
  </testcase> <!-- TC_05_Homepage_Tab -->
  <testcase classname="test.HomePageTabTest" name="TC_13_Homepage_Tab" time="0.0">
    <ignored/>
  </testcase> <!-- TC_13_Homepage_Tab -->
  <testcase classname="test.HomePageTabTest" name="TC_08_Homepage_Tab" time="0.0">
    <ignored/>
  </testcase> <!-- TC_08_Homepage_Tab -->
</testsuite> <!-- Default test -->
