<?xml version="1.0" encoding="UTF-8"?>
<testng-results ignored="0" total="1" passed="1" failed="0" skipped="0">
  <reporter-output>
  </reporter-output>
  <suite started-at="2025-02-24T13:11:33 IST" name="Default suite" finished-at="2025-02-24T13:12:13 IST" duration-ms="40031">
    <groups>
    </groups>
    <test started-at="2025-02-24T13:11:33 IST" name="Default test" finished-at="2025-02-24T13:12:13 IST" duration-ms="40031">
      <class name="test.Company_Test">
        <test-method is-config="true" signature="setup()[pri:0, instance:test.Company_Test@7a35b0f5]" started-at="2025-02-24T13:11:33 IST" name="setup" finished-at="2025-02-24T13:12:02 IST" duration-ms="28538" status="PASS">
          <reporter-output>
          </reporter-output>
        </test-method> <!-- setup -->
        <test-method signature="TC23_Company_Tab()[pri:23, instance:test.Company_Test@7a35b0f5]" started-at="2025-02-24T13:12:02 IST" name="TC23_Company_Tab" finished-at="2025-02-24T13:12:10 IST" duration-ms="7924" status="PASS">
          <reporter-output>
          </reporter-output>
        </test-method> <!-- TC23_Company_Tab -->
        <test-method is-config="true" signature="afterMethod()[pri:0, instance:test.Company_Test@7a35b0f5]" started-at="2025-02-24T13:12:10 IST" name="afterMethod" finished-at="2025-02-24T13:12:13 IST" duration-ms="3497" status="PASS">
          <reporter-output>
          </reporter-output>
        </test-method> <!-- afterMethod -->
      </class> <!-- test.Company_Test -->
    </test> <!-- Default test -->
  </suite> <!-- Default suite -->
</testng-results>
